<?xml version="1.0" encoding="UTF-8"?>
<!-- Generated by org.testng.reporters.JUnitReportReporter -->
<testsuite hostname="DESKTOP-JE790LP" failures="0" tests="2" name="learngroupexecution.FashionModule" time="7.250" errors="0" timestamp="2026-01-20T12:22:48 IST" skipped="0">
  <testcase classname="learngroupexecution.FashionModule" name="jewellery" time="3.483">
    <system-out>
      <![CDATA[jewellery]]>
    </system-out>
  </testcase> <!-- jewellery -->
  <testcase classname="learngroupexecution.FashionModule" name="jeans" time="3.767">
    <system-out>
      <![CDATA[jeans]]>
    </system-out>
  </testcase> <!-- jeans -->
  <system-out>
    <![CDATA[openBrowser
login
jeans
logout
login
jewellery
logout
closeBrowser
openBrowser
login
penDrive
logout
login
smartPhone
logout
closeBrowser
openBrowser
login
mahabharat
logout
login
shrimadbhagvadgeeta
logout
closeBrowser]]>
  </system-out>
</testsuite> <!-- learngroupexecution.FashionModule -->
