<?xml version="1.0" encoding="UTF-8"?>
<!-- Generated by org.testng.reporters.JUnitReportReporter -->
<testsuite hostname="DESKTOP-JE790LP" failures="0" tests="2" name="learngroupexecution.BookModule" time="7.240" errors="0" timestamp="2026-01-20T12:22:48 IST" skipped="0">
  <testcase classname="learngroupexecution.BookModule" name="mahabharat" time="3.691">
    <system-out>
      <![CDATA[mahabharat]]>
    </system-out>
  </testcase> <!-- mahabharat -->
  <testcase classname="learngroupexecution.BookModule" name="shrimadbhagvadgeeta" time="3.549">
    <system-out>
      <![CDATA[shrimadbhagvadgeeta]]>
    </system-out>
  </testcase> <!-- shrimadbhagvadgeeta -->
  <system-out>
    <![CDATA[openBrowser
login
jeans
logout
login
jewellery
logout
closeBrowser
openBrowser
login
penDrive
logout
login
smartPhone
logout
closeBrowser
openBrowser
login
mahabharat
logout
login
shrimadbhagvadgeeta
logout
closeBrowser]]>
  </system-out>
</testsuite> <!-- learngroupexecution.BookModule -->
