<?xml version="1.0" encoding="UTF-8"?>
<!-- Generated by org.testng.reporters.JUnitReportReporter -->
<testsuite hostname="DESKTOP-JE790LP" failures="0" tests="2" name="learngroupexecution.ElectronicsModule" time="7.354" errors="0" timestamp="2026-01-20T12:22:48 IST" skipped="0">
  <testcase classname="learngroupexecution.ElectronicsModule" name="penDrive" time="4.014">
    <system-out>
      <![CDATA[penDrive]]>
    </system-out>
  </testcase> <!-- penDrive -->
  <testcase classname="learngroupexecution.ElectronicsModule" name="smartPhone" time="3.340">
    <system-out>
      <![CDATA[smartPhone]]>
    </system-out>
  </testcase> <!-- smartPhone -->
  <system-out>
    <![CDATA[openBrowser
login
jeans
logout
login
jewellery
logout
closeBrowser
openBrowser
login
penDrive
logout
login
smartPhone
logout
closeBrowser
openBrowser
login
mahabharat
logout
login
shrimadbhagvadgeeta
logout
closeBrowser]]>
  </system-out>
</testsuite> <!-- learngroupexecution.ElectronicsModule -->
