<?xml version="1.0" encoding="UTF-8"?>
<!-- Generated by org.testng.reporters.JUnitReportReporter -->
<testsuite hostname="DESKTOP-JE790LP" failures="0" tests="3" name="learnTestNG.Fashion" time="7.433" errors="0" timestamp="2026-01-20T14:25:03 IST" skipped="0">
  <testcase classname="learnTestNG.Fashion" name="jeans" time="2.363">
    <system-out>
      <![CDATA[jeans]]>
    </system-out>
  </testcase> <!-- jeans -->
  <testcase classname="learnTestNG.Fashion" name="jewellery" time="2.389">
    <system-out>
      <![CDATA[jewellery]]>
    </system-out>
  </testcase> <!-- jewellery -->
  <testcase classname="learnTestNG.Fashion" name="kurta" time="2.681">
    <system-out>
      <![CDATA[kurta]]>
    </system-out>
  </testcase> <!-- kurta -->
  <system-out>
    <![CDATA[openBrowser
login
camera
logout
login
penDrive
logout
login
smartPhone
logout
closeBrowser
openBrowser
login
jeans
logout
login
jewellery
logout
login
kurta
logout
closeBrowser
openBrowser
login
mahabharat
logout
login
ramayana
logout
login
shrimadbhagvadgeeta
logout
closeBrowser]]>
  </system-out>
</testsuite> <!-- learnTestNG.Fashion -->
