<?xml version="1.0" encoding="UTF-8"?>
<!-- Generated by org.testng.reporters.JUnitXMLReporter -->
<testsuite ignored="6" hostname="DESKTOP-JE790LP" failures="3" tests="3" name="Test(failed)" time="0.07" errors="0" timestamp="2026-01-13T11:54:05 IST">
  <testcase classname="learnTestNG.Fashion" name="kurta" time="0.013">
    <failure type="java.lang.AssertionError" message="null">
      <![CDATA[java.lang.AssertionError: null
at learnTestNG.Fashion.kurta(Fashion.java:10)
at java.base/java.util.ArrayList.forEach(ArrayList.java:1596)
... Removed 27 stack frames]]>
    </failure>
  </testcase> <!-- kurta -->
  <testcase classname="learnTestNG.ElectronicsModule" name="camera" time="0.001">
    <failure type="java.lang.AssertionError" message="null">
      <![CDATA[java.lang.AssertionError: null
at learnTestNG.ElectronicsModule.camera(ElectronicsModule.java:10)
at java.base/java.util.ArrayList.forEach(ArrayList.java:1596)
... Removed 27 stack frames]]>
    </failure>
  </testcase> <!-- camera -->
  <testcase classname="learnTestNG.Book" name="ramayana" time="0.002">
    <failure type="java.lang.AssertionError" message="null">
      <![CDATA[java.lang.AssertionError: null
at learnTestNG.Book.ramayana(Book.java:10)
at java.base/java.util.ArrayList.forEach(ArrayList.java:1596)
... Removed 27 stack frames]]>
    </failure>
  </testcase> <!-- ramayana -->
  <testcase classname="learnTestNG.Book" name="mahabharat" time="0.0">
    <ignored/>
  </testcase> <!-- mahabharat -->
  <testcase classname="learnTestNG.ElectronicsModule" name="smartPhone" time="0.0">
    <ignored/>
  </testcase> <!-- smartPhone -->
  <testcase classname="learnTestNG.Book" name="shrimadbhagvadgeeta" time="0.0">
    <ignored/>
  </testcase> <!-- shrimadbhagvadgeeta -->
  <testcase classname="learnTestNG.Fashion" name="jeans" time="0.0">
    <ignored/>
  </testcase> <!-- jeans -->
  <testcase classname="learnTestNG.Fashion" name="jewellery" time="0.0">
    <ignored/>
  </testcase> <!-- jewellery -->
  <testcase classname="learnTestNG.ElectronicsModule" name="penDrive" time="0.0">
    <ignored/>
  </testcase> <!-- penDrive -->
</testsuite> <!-- Test(failed) -->
