<?xml version="1.0" encoding="UTF-8"?>
<!-- Generated by org.testng.reporters.JUnitXMLReporter -->
<testsuite ignored="6" hostname="DESKTOP-JE790LP" failures="0" tests="3" name="Test(failed)(failed)" time="0.061" errors="0" timestamp="2026-01-13T11:55:40 IST">
  <testcase classname="learnTestNG.Book" name="ramayana" time="0.01"/>
  <testcase classname="learnTestNG.Fashion" name="kurta" time="0.002"/>
  <testcase classname="learnTestNG.ElectronicsModule" name="camera" time="0.001"/>
  <testcase classname="learnTestNG.ElectronicsModule" name="penDrive" time="0.0">
    <ignored/>
  </testcase> <!-- penDrive -->
  <testcase classname="learnTestNG.Book" name="mahabharat" time="0.0">
    <ignored/>
  </testcase> <!-- mahabharat -->
  <testcase classname="learnTestNG.Fashion" name="jewellery" time="0.0">
    <ignored/>
  </testcase> <!-- jewellery -->
  <testcase classname="learnTestNG.Fashion" name="jeans" time="0.0">
    <ignored/>
  </testcase> <!-- jeans -->
  <testcase classname="learnTestNG.Book" name="shrimadbhagvadgeeta" time="0.0">
    <ignored/>
  </testcase> <!-- shrimadbhagvadgeeta -->
  <testcase classname="learnTestNG.ElectronicsModule" name="smartPhone" time="0.0">
    <ignored/>
  </testcase> <!-- smartPhone -->
</testsuite> <!-- Test(failed)(failed) -->
