<?xml version="1.0" encoding="UTF-8"?>
<!-- Generated by org.testng.reporters.JUnitXMLReporter -->
<testsuite ignored="0" hostname="DESKTOP-JE790LP" failures="0" tests="9" name="Test" time="38.044" errors="0" timestamp="2026-01-20T14:25:02 IST">
  <testcase classname="learnTestNG.ElectronicsModule" name="camera" time="0.015"/>
  <testcase classname="learnTestNG.ElectronicsModule" name="penDrive" time="0.002"/>
  <testcase classname="learnTestNG.ElectronicsModule" name="smartPhone" time="0.0"/>
  <testcase classname="learnTestNG.Fashion" name="jeans" time="0.008"/>
  <testcase classname="learnTestNG.Fashion" name="jewellery" time="0.002"/>
  <testcase classname="learnTestNG.Fashion" name="kurta" time="0.0"/>
  <testcase classname="learnTestNG.Book" name="mahabharat" time="0.0"/>
  <testcase classname="learnTestNG.Book" name="ramayana" time="0.002"/>
  <testcase classname="learnTestNG.Book" name="shrimadbhagvadgeeta" time="0.0"/>
</testsuite> <!-- Test -->
