<?xml version="1.0" encoding="UTF-8"?>
<testng-results ignored="0" total="1" passed="1" failed="0" skipped="0">
  <reporter-output>
  </reporter-output>
  <suite started-at="2026-01-24T12:18:48 IST" name="Default suite" finished-at="2026-01-24T12:18:53 IST" duration-ms="5566">
    <groups>
    </groups>
    <test started-at="2026-01-24T12:18:48 IST" name="Default test" finished-at="2026-01-24T12:18:53 IST" duration-ms="5566">
      <class name="learnpom.Exec">
        <test-method signature="tc_01()[pri:0, instance:learnpom.Exec@5bda8e08]" started-at="2026-01-24T12:18:48 IST" name="tc_01" finished-at="2026-01-24T12:18:53 IST" duration-ms="5505" status="PASS">
          <reporter-output>
          </reporter-output>
        </test-method> <!-- tc_01 -->
      </class> <!-- learnpom.Exec -->
    </test> <!-- Default test -->
  </suite> <!-- Default suite -->
</testng-results>
