<?xml version="1.0" encoding="UTF-8"?>
<!-- Generated by org.testng.reporters.JUnitXMLReporter -->
<testsuite ignored="2" hostname="DESKTOP-JE790LP" failures="1" tests="1" name="Default test(failed)" time="0.081" errors="0" timestamp="2026-01-20T14:27:24 IST">
  <testcase classname="learnTestNG.Demo" name="demoA" time="0.017">
    <failure type="java.lang.AssertionError" message="null">
      <![CDATA[java.lang.AssertionError: null
at learnTestNG.Demo.demoA(Demo.java:11)
at java.base/java.util.ArrayList.forEach(ArrayList.java:1596)
... Removed 27 stack frames]]>
    </failure>
  </testcase> <!-- demoA -->
  <testcase classname="learnTestNG.Demo" name="demoB" time="0.0">
    <ignored/>
  </testcase> <!-- demoB -->
  <testcase classname="learnTestNG.Demo" name="demoC" time="0.0">
    <ignored/>
  </testcase> <!-- demoC -->
</testsuite> <!-- Default test(failed) -->
